<?xml version="1.0" encoding="UTF-8"?>
<!-- Generated by org.testng.reporters.JUnitXMLReporter -->
<testsuite ignored="17" hostname="Thes-MacBook-Pro.local" failures="0" tests="1" name="Default test" time="26.411" errors="0" timestamp="2021-12-27T12:52:24 EST">
  <testcase classname="TestCases.HomePageTasks" name="arrivalsAddToBasketItemsCheckOutPaymentGatewayPlaceOrder" time="20.031"/>
  <testcase classname="TestCases.HomePageTasks" name="arrivalsAddToBasketItemsCoupon" time="0.0">
    <ignored/>
  </testcase> <!-- arrivalsAddToBasketItemsCoupon -->
  <testcase classname="TestCases.HomePageTasks" name="imagesInArrivals" time="0.0">
    <ignored/>
  </testcase> <!-- imagesInArrivals -->
  <testcase classname="TestCases.HomePageTasks" name="arrivalsAddToBasketItemsCheckOutPaymentGateway" time="0.0">
    <ignored/>
  </testcase> <!-- arrivalsAddToBasketItemsCheckOutPaymentGateway -->
  <testcase classname="TestCases.HomePageTasks" name="arrivalsAddToBasketItemsCheckOutBookFinalPrice" time="0.0">
    <ignored/>
  </testcase> <!-- arrivalsAddToBasketItemsCheckOutBookFinalPrice -->
  <testcase classname="TestCases.HomePageTasks" name="arrivalsImagesDescription" time="0.0">
    <ignored/>
  </testcase> <!-- arrivalsImagesDescription -->
  <testcase classname="TestCases.HomePageTasks" name="arrivalsAddToBasketWithMoreBooks" time="0.0">
    <ignored/>
  </testcase> <!-- arrivalsAddToBasketWithMoreBooks -->
  <testcase classname="TestCases.HomePageTasks" name="arrivalsAddToBasketItems" time="0.0">
    <ignored/>
  </testcase> <!-- arrivalsAddToBasketItems -->
  <testcase classname="TestCases.HomePageTasks" name="sliders" time="0.0">
    <ignored/>
  </testcase> <!-- sliders -->
  <testcase classname="TestCases.HomePageTasks" name="arrivalsAddToBasketItemsRemoveBook" time="0.0">
    <ignored/>
  </testcase> <!-- arrivalsAddToBasketItemsRemoveBook -->
  <testcase classname="TestCases.HomePageTasks" name="arrivalsAddToBasketItemsCouponValue450" time="0.0">
    <ignored/>
  </testcase> <!-- arrivalsAddToBasketItemsCouponValue450 -->
  <testcase classname="TestCases.HomePageTasks" name="arrivalsAddToBasketItemsCheckOutTotalAndSubototalCondition" time="0.0">
    <ignored/>
  </testcase> <!-- arrivalsAddToBasketItemsCheckOutTotalAndSubototalCondition -->
  <testcase classname="TestCases.HomePageTasks" name="arrivals" time="0.0">
    <ignored/>
  </testcase> <!-- arrivals -->
  <testcase classname="TestCases.HomePageTasks" name="arrivalsImagesAddToBasket" time="0.0">
    <ignored/>
  </testcase> <!-- arrivalsImagesAddToBasket -->
  <testcase classname="TestCases.HomePageTasks" name="arrivalsImagesReviews" time="0.0">
    <ignored/>
  </testcase> <!-- arrivalsImagesReviews -->
  <testcase classname="TestCases.HomePageTasks" name="arrivalsAddToBasketItemsAddBook" time="0.0">
    <ignored/>
  </testcase> <!-- arrivalsAddToBasketItemsAddBook -->
  <testcase classname="TestCases.HomePageTasks" name="arrivalsAddToBasketItemsCheckOutFunctionality" time="0.0">
    <ignored/>
  </testcase> <!-- arrivalsAddToBasketItemsCheckOutFunctionality -->
  <testcase classname="TestCases.HomePageTasks" name="arrivalsAddToBasketItemsCheckOutUpdateBasket" time="0.0">
    <ignored/>
  </testcase> <!-- arrivalsAddToBasketItemsCheckOutUpdateBasket -->
</testsuite> <!-- Default test -->
