<?xml version="1.0" encoding="UTF-8"?>
<testng-results ignored="17" total="18" passed="1" failed="0" skipped="0">
  <reporter-output>
  </reporter-output>
  <suite started-at="2021-12-27T12:51:53 EST" name="Default suite" finished-at="2021-12-27T12:52:19 EST" duration-ms="26411">
    <groups>
    </groups>
    <test started-at="2021-12-27T12:51:53 EST" name="Default test" finished-at="2021-12-27T12:52:19 EST" duration-ms="26411">
      <class name="TestCases.HomePageTasks">
        <test-method is-config="true" signature="setUp()[pri:0, instance:TestCases.HomePageTasks@78e94dcf]" started-at="2021-12-27T12:51:53 EST" name="setUp" finished-at="2021-12-27T12:51:59 EST" duration-ms="6239" status="PASS">
          <reporter-output>
          </reporter-output>
        </test-method> <!-- setUp -->
        <test-method signature="arrivalsAddToBasketItemsCheckOutPaymentGatewayPlaceOrder()[pri:0, instance:TestCases.HomePageTasks@78e94dcf]" started-at="2021-12-27T12:51:59 EST" name="arrivalsAddToBasketItemsCheckOutPaymentGatewayPlaceOrder" finished-at="2021-12-27T12:52:19 EST" duration-ms="20031" status="PASS">
          <reporter-output>
          </reporter-output>
        </test-method> <!-- arrivalsAddToBasketItemsCheckOutPaymentGatewayPlaceOrder -->
        <test-method is-config="true" signature="shutDown()[pri:0, instance:TestCases.HomePageTasks@78e94dcf]" started-at="2021-12-27T12:52:19 EST" name="shutDown" finished-at="2021-12-27T12:52:19 EST" duration-ms="96" status="PASS">
          <reporter-output>
          </reporter-output>
        </test-method> <!-- shutDown -->
      </class> <!-- TestCases.HomePageTasks -->
    </test> <!-- Default test -->
  </suite> <!-- Default suite -->
</testng-results>
